C:\USERS\100690885\DESKTOP\ASSIGNMENT2 - DEFENDORF\DESN2013_DEWOLFE_M_ASG2_M1\DESN2013_DEWOLFE_M_ASG2_M1\DEBUG\SOURCE.OBJ
C:\USERS\100690885\DESKTOP\ASSIGNMENT2 - DEFENDORF\DESN2013_DEWOLFE_M_ASG2_M1\DESN2013_DEWOLFE_M_ASG2_M1\DEBUG\VC110.PDB
C:\USERS\100690885\DESKTOP\ASSIGNMENT2 - DEFENDORF\DESN2013_DEWOLFE_M_ASG2_M1\DEBUG\DESN2013_DEWOLFE_M_ASG2_M1.ILK
C:\USERS\100690885\DESKTOP\ASSIGNMENT2 - DEFENDORF\DESN2013_DEWOLFE_M_ASG2_M1\DEBUG\DESN2013_DEWOLFE_M_ASG2_M1.EXE
C:\USERS\100690885\DESKTOP\ASSIGNMENT2 - DEFENDORF\DESN2013_DEWOLFE_M_ASG2_M1\DEBUG\DESN2013_DEWOLFE_M_ASG2_M1.PDB
C:\Users\100690885\Desktop\Assignment2 - Defendorf\DESN2013_DeWolfe_M_Asg2_m1\DESN2013_DeWolfe_M_Asg2_m1\Debug\Source.obj
C:\Users\100690885\Desktop\Assignment2 - Defendorf\DESN2013_DeWolfe_M_Asg2_m1\DESN2013_DeWolfe_M_Asg2_m1\Debug\cl.command.1.tlog
C:\Users\100690885\Desktop\Assignment2 - Defendorf\DESN2013_DeWolfe_M_Asg2_m1\DESN2013_DeWolfe_M_Asg2_m1\Debug\CL.read.1.tlog
C:\Users\100690885\Desktop\Assignment2 - Defendorf\DESN2013_DeWolfe_M_Asg2_m1\DESN2013_DeWolfe_M_Asg2_m1\Debug\CL.write.1.tlog
C:\Users\100690885\Desktop\Assignment2 - Defendorf\DESN2013_DeWolfe_M_Asg2_m1\DESN2013_DeWolfe_M_Asg2_m1\Debug\link-cvtres.read.1.tlog
C:\Users\100690885\Desktop\Assignment2 - Defendorf\DESN2013_DeWolfe_M_Asg2_m1\DESN2013_DeWolfe_M_Asg2_m1\Debug\link-cvtres.write.1.tlog
C:\Users\100690885\Desktop\Assignment2 - Defendorf\DESN2013_DeWolfe_M_Asg2_m1\DESN2013_DeWolfe_M_Asg2_m1\Debug\link-rc.read.1.tlog
C:\Users\100690885\Desktop\Assignment2 - Defendorf\DESN2013_DeWolfe_M_Asg2_m1\DESN2013_DeWolfe_M_Asg2_m1\Debug\link-rc.write.1.tlog
C:\Users\100690885\Desktop\Assignment2 - Defendorf\DESN2013_DeWolfe_M_Asg2_m1\DESN2013_DeWolfe_M_Asg2_m1\Debug\link.command.1.tlog
C:\Users\100690885\Desktop\Assignment2 - Defendorf\DESN2013_DeWolfe_M_Asg2_m1\DESN2013_DeWolfe_M_Asg2_m1\Debug\link.read.1.tlog
C:\Users\100690885\Desktop\Assignment2 - Defendorf\DESN2013_DeWolfe_M_Asg2_m1\DESN2013_DeWolfe_M_Asg2_m1\Debug\link.write.1.tlog
C:\Users\100690885\Desktop\Assignment2 - Defendorf\DESN2013_DeWolfe_M_Asg2_m1\DESN2013_DeWolfe_M_Asg2_m1\Debug\vc110.idb
C:\Users\100690885\Desktop\Assignment2 - Defendorf\DESN2013_DeWolfe_M_Asg2_m1\DESN2013_DeWolfe_M_Asg2_m1\Debug\vc110.pdb
C:\Users\100690885\Desktop\Assignment2 - Defendorf\DESN2013_DeWolfe_M_Asg2_m1\Debug\DESN2013_DeWolfe_M_Asg2_m1.pdb
C:\Users\100690885\Desktop\Assignment2 - Defendorf\DESN2013_DeWolfe_M_Asg2_m1\Debug\DESN2013_DeWolfe_M_Asg2_m1.exe
C:\Users\100690885\Desktop\Assignment2 - Defendorf\DESN2013_DeWolfe_M_Asg2_m1\Debug\DESN2013_DeWolfe_M_Asg2_m1.ilk
